<?xml version="1.0" encoding="UTF-8"?>
<testsuite name="org.example.MainTest" tests="2" skipped="1" failures="0" errors="0" timestamp="2023-02-27T09:21:42" hostname="DESKTOP-HAPLGAQ" time="0.012">
  <properties/>
  <testcase name="zadacha1" classname="org.example.MainTest" time="0.001">
    <skipped/>
  </testcase>
  <testcase name="zadacha2" classname="org.example.MainTest" time="0.01"/>
  <system-out><![CDATA[]]></system-out>
  <system-err><![CDATA[]]></system-err>
</testsuite>
